

/******************************************************************************************
* ReadStepFile diagnostics.
* Date:                           Thu Feb 18 12:10:43 2021
* Produced by:                    The EXPRESS Data Manager Version 5.02.0100.07 : 28 Aug 2013
* Module:                         EDMstepFileFactory/EDMstandAlone
* Host:                           LAPTOP-F3HSUICT
* Database:                       C:\Users\lucas\AppData\Local\Temp\77cb4203-96f2-4f19-a9b2-eb0434d0a1ab\7cc0c906-664a-43af-8ca7-b2ae454d1061\ifc
* Database version:               5507
* Database creation date:         Thu Feb 18 12:10:43 2021
* Model to populate:              DataRepository.ifcimport
* Header model to populate:       
* Step file name:                 Casa_101_5x5.ifc
* EDMuser:                        sdai-user
* EDMgroup:                       sdai-group
* License ID and type:            5605 : Permanent license. Expiry date: 
* EDMstepFileFactory options:     010201000002
******************************************************************************************/


------------------------------------------------------------------------------------------------
 Operation terminated successfully.
------------------------------------------------------------------------------------------------

